  Adopt_Animal.cpp
c:\users\fastl\desktop\computer science\תואר מדעי המחשב - סיכומי שיעורים\שנה ב - hit\תכנות מונחה עצמים\me\פרויקט\animal1\animal\adopt_animal\adopt_animal.cpp(58): warning C4566: character represented by universal-character-name '\u05EA' cannot be represented in the current code page (1252)
c:\users\fastl\desktop\computer science\תואר מדעי המחשב - סיכומי שיעורים\שנה ב - hit\תכנות מונחה עצמים\me\פרויקט\animal1\animal\adopt_animal\adopt_animal.cpp(58): warning C4566: character represented by universal-character-name '\u05D5' cannot be represented in the current code page (1252)
c:\users\fastl\desktop\computer science\תואר מדעי המחשב - סיכומי שיעורים\שנה ב - hit\תכנות מונחה עצמים\me\פרויקט\animal1\animal\adopt_animal\adopt_animal.cpp(58): warning C4566: character represented by universal-character-name '\u05D0' cannot be represented in the current code page (1252)
c:\users\fastl\desktop\computer science\תואר מדעי המחשב - סיכומי שיעורים\שנה ב - hit\תכנות מונחה עצמים\me\פרויקט\animal1\animal\adopt_animal\adopt_animal.cpp(58): warning C4566: character represented by universal-character-name '\u05E8' cannot be represented in the current code page (1252)
c:\users\fastl\desktop\computer science\תואר מדעי המחשב - סיכומי שיעורים\שנה ב - hit\תכנות מונחה עצמים\me\פרויקט\animal1\animal\adopt_animal\adopt_animal.cpp(58): warning C4566: character represented by universal-character-name '\u05DE' cannot be represented in the current code page (1252)
c:\users\fastl\desktop\computer science\תואר מדעי המחשב - סיכומי שיעורים\שנה ב - hit\תכנות מונחה עצמים\me\פרויקט\animal1\animal\adopt_animal\adopt_animal.cpp(58): warning C4566: character represented by universal-character-name '\u05D3' cannot be represented in the current code page (1252)
c:\users\fastl\desktop\computer science\תואר מדעי המחשב - סיכומי שיעורים\שנה ב - hit\תכנות מונחה עצמים\me\פרויקט\animal1\animal\adopt_animal\adopt_animal.cpp(58): warning C4566: character represented by universal-character-name '\u05E2' cannot be represented in the current code page (1252)
c:\users\fastl\desktop\computer science\תואר מדעי המחשב - סיכומי שיעורים\שנה ב - hit\תכנות מונחה עצמים\me\פרויקט\animal1\animal\adopt_animal\adopt_animal.cpp(58): warning C4566: character represented by universal-character-name '\u05D9' cannot be represented in the current code page (1252)
c:\users\fastl\desktop\computer science\תואר מדעי המחשב - סיכומי שיעורים\שנה ב - hit\תכנות מונחה עצמים\me\פרויקט\animal1\animal\adopt_animal\adopt_animal.cpp(58): warning C4566: character represented by universal-character-name '\u05D4' cannot be represented in the current code page (1252)
c:\users\fastl\desktop\computer science\תואר מדעי המחשב - סיכומי שיעורים\שנה ב - hit\תכנות מונחה עצמים\me\פרויקט\animal1\animal\adopt_animal\adopt_animal.cpp(58): warning C4566: character represented by universal-character-name '\u05D7' cannot be represented in the current code page (1252)
c:\users\fastl\desktop\computer science\תואר מדעי המחשב - סיכומי שיעורים\שנה ב - hit\תכנות מונחה עצמים\me\פרויקט\animal1\animal\adopt_animal\adopt_animal.cpp(58): warning C4566: character represented by universal-character-name '\u05E9' cannot be represented in the current code page (1252)
c:\users\fastl\desktop\computer science\תואר מדעי המחשב - סיכומי שיעורים\שנה ב - hit\תכנות מונחה עצמים\me\פרויקט\animal1\animal\adopt_animal\adopt_animal.cpp(58): warning C4566: character represented by universal-character-name '\u05D1' cannot be represented in the current code page (1252)
c:\users\fastl\desktop\computer science\תואר מדעי המחשב - סיכומי שיעורים\שנה ב - hit\תכנות מונחה עצמים\me\פרויקט\animal1\animal\adopt_animal\adopt_animal.cpp(58): warning C4566: character represented by universal-character-name '\u05E1' cannot be represented in the current code page (1252)
c:\users\fastl\desktop\computer science\תואר מדעי המחשב - סיכומי שיעורים\שנה ב - hit\תכנות מונחה עצמים\me\פרויקט\animal1\animal\adopt_animal\adopt_animal.cpp(58): warning C4566: character represented by universal-character-name '\u05DB' cannot be represented in the current code page (1252)
c:\users\fastl\desktop\computer science\תואר מדעי המחשב - סיכומי שיעורים\שנה ב - hit\תכנות מונחה עצמים\me\פרויקט\animal1\animal\adopt_animal\adopt_animal.cpp(58): warning C4566: character represented by universal-character-name '\u05DD' cannot be represented in the current code page (1252)
c:\users\fastl\desktop\computer science\תואר מדעי המחשב - סיכומי שיעורים\שנה ב - hit\תכנות מונחה עצמים\me\פרויקט\animal1\animal\adopt_animal\adopt_animal.cpp(58): warning C4566: character represented by universal-character-name '\u05E0' cannot be represented in the current code page (1252)
c:\users\fastl\desktop\computer science\תואר מדעי המחשב - סיכומי שיעורים\שנה ב - hit\תכנות מונחה עצמים\me\פרויקט\animal1\animal\adopt_animal\adopt_animal.cpp(58): warning C4566: character represented by universal-character-name '\u05E6' cannot be represented in the current code page (1252)
c:\users\fastl\desktop\computer science\תואר מדעי המחשב - סיכומי שיעורים\שנה ב - hit\תכנות מונחה עצמים\me\פרויקט\animal1\animal\adopt_animal\adopt_animal.cpp(58): warning C4566: character represented by universal-character-name '\u05E4' cannot be represented in the current code page (1252)
c:\users\fastl\desktop\computer science\תואר מדעי המחשב - סיכומי שיעורים\שנה ב - hit\תכנות מונחה עצמים\me\פרויקט\animal1\animal\adopt_animal\adopt_animal.cpp(58): warning C4566: character represented by universal-character-name '\u05E7' cannot be represented in the current code page (1252)
c:\users\fastl\desktop\computer science\תואר מדעי המחשב - סיכומי שיעורים\שנה ב - hit\תכנות מונחה עצמים\me\פרויקט\animal1\animal\adopt_animal\adopt_animal.cpp(58): warning C4566: character represented by universal-character-name '\u05D8' cannot be represented in the current code page (1252)
c:\users\fastl\desktop\computer science\תואר מדעי המחשב - סיכומי שיעורים\שנה ב - hit\תכנות מונחה עצמים\me\פרויקט\animal1\animal\adopt_animal\adopt_animal.cpp(87): warning C4566: character represented by universal-character-name '\u05EA' cannot be represented in the current code page (1252)
c:\users\fastl\desktop\computer science\תואר מדעי המחשב - סיכומי שיעורים\שנה ב - hit\תכנות מונחה עצמים\me\פרויקט\animal1\animal\adopt_animal\adopt_animal.cpp(87): warning C4566: character represented by universal-character-name '\u05D5' cannot be represented in the current code page (1252)
c:\users\fastl\desktop\computer science\תואר מדעי המחשב - סיכומי שיעורים\שנה ב - hit\תכנות מונחה עצמים\me\פרויקט\animal1\animal\adopt_animal\adopt_animal.cpp(87): warning C4566: character represented by universal-character-name '\u05D0' cannot be represented in the current code page (1252)
c:\users\fastl\desktop\computer science\תואר מדעי המחשב - סיכומי שיעורים\שנה ב - hit\תכנות מונחה עצמים\me\פרויקט\animal1\animal\adopt_animal\adopt_animal.cpp(87): warning C4566: character represented by universal-character-name '\u05E8' cannot be represented in the current code page (1252)
c:\users\fastl\desktop\computer science\תואר מדעי המחשב - סיכומי שיעורים\שנה ב - hit\תכנות מונחה עצמים\me\פרויקט\animal1\animal\adopt_animal\adopt_animal.cpp(87): warning C4566: character represented by universal-character-name '\u05DE' cannot be represented in the current code page (1252)
c:\users\fastl\desktop\computer science\תואר מדעי המחשב - סיכומי שיעורים\שנה ב - hit\תכנות מונחה עצמים\me\פרויקט\animal1\animal\adopt_animal\adopt_animal.cpp(87): warning C4566: character represented by universal-character-name '\u05D3' cannot be represented in the current code page (1252)
c:\users\fastl\desktop\computer science\תואר מדעי המחשב - סיכומי שיעורים\שנה ב - hit\תכנות מונחה עצמים\me\פרויקט\animal1\animal\adopt_animal\adopt_animal.cpp(87): warning C4566: character represented by universal-character-name '\u05E2' cannot be represented in the current code page (1252)
c:\users\fastl\desktop\computer science\תואר מדעי המחשב - סיכומי שיעורים\שנה ב - hit\תכנות מונחה עצמים\me\פרויקט\animal1\animal\adopt_animal\adopt_animal.cpp(87): warning C4566: character represented by universal-character-name '\u05D9' cannot be represented in the current code page (1252)
c:\users\fastl\desktop\computer science\תואר מדעי המחשב - סיכומי שיעורים\שנה ב - hit\תכנות מונחה עצמים\me\פרויקט\animal1\animal\adopt_animal\adopt_animal.cpp(87): warning C4566: character represented by universal-character-name '\u05D4' cannot be represented in the current code page (1252)
c:\users\fastl\desktop\computer science\תואר מדעי המחשב - סיכומי שיעורים\שנה ב - hit\תכנות מונחה עצמים\me\פרויקט\animal1\animal\adopt_animal\adopt_animal.cpp(87): warning C4566: character represented by universal-character-name '\u05D7' cannot be represented in the current code page (1252)
c:\users\fastl\desktop\computer science\תואר מדעי המחשב - סיכומי שיעורים\שנה ב - hit\תכנות מונחה עצמים\me\פרויקט\animal1\animal\adopt_animal\adopt_animal.cpp(87): warning C4566: character represented by universal-character-name '\u05E9' cannot be represented in the current code page (1252)
c:\users\fastl\desktop\computer science\תואר מדעי המחשב - סיכומי שיעורים\שנה ב - hit\תכנות מונחה עצמים\me\פרויקט\animal1\animal\adopt_animal\adopt_animal.cpp(87): warning C4566: character represented by universal-character-name '\u05D1' cannot be represented in the current code page (1252)
c:\users\fastl\desktop\computer science\תואר מדעי המחשב - סיכומי שיעורים\שנה ב - hit\תכנות מונחה עצמים\me\פרויקט\animal1\animal\adopt_animal\adopt_animal.cpp(87): warning C4566: character represented by universal-character-name '\u05E1' cannot be represented in the current code page (1252)
c:\users\fastl\desktop\computer science\תואר מדעי המחשב - סיכומי שיעורים\שנה ב - hit\תכנות מונחה עצמים\me\פרויקט\animal1\animal\adopt_animal\adopt_animal.cpp(87): warning C4566: character represented by universal-character-name '\u05DB' cannot be represented in the current code page (1252)
c:\users\fastl\desktop\computer science\תואר מדעי המחשב - סיכומי שיעורים\שנה ב - hit\תכנות מונחה עצמים\me\פרויקט\animal1\animal\adopt_animal\adopt_animal.cpp(87): warning C4566: character represented by universal-character-name '\u05DD' cannot be represented in the current code page (1252)
c:\users\fastl\desktop\computer science\תואר מדעי המחשב - סיכומי שיעורים\שנה ב - hit\תכנות מונחה עצמים\me\פרויקט\animal1\animal\adopt_animal\adopt_animal.cpp(87): warning C4566: character represented by universal-character-name '\u05E0' cannot be represented in the current code page (1252)
c:\users\fastl\desktop\computer science\תואר מדעי המחשב - סיכומי שיעורים\שנה ב - hit\תכנות מונחה עצמים\me\פרויקט\animal1\animal\adopt_animal\adopt_animal.cpp(87): warning C4566: character represented by universal-character-name '\u05E6' cannot be represented in the current code page (1252)
c:\users\fastl\desktop\computer science\תואר מדעי המחשב - סיכומי שיעורים\שנה ב - hit\תכנות מונחה עצמים\me\פרויקט\animal1\animal\adopt_animal\adopt_animal.cpp(87): warning C4566: character represented by universal-character-name '\u05E4' cannot be represented in the current code page (1252)
c:\users\fastl\desktop\computer science\תואר מדעי המחשב - סיכומי שיעורים\שנה ב - hit\תכנות מונחה עצמים\me\פרויקט\animal1\animal\adopt_animal\adopt_animal.cpp(87): warning C4566: character represented by universal-character-name '\u05E7' cannot be represented in the current code page (1252)
c:\users\fastl\desktop\computer science\תואר מדעי המחשב - סיכומי שיעורים\שנה ב - hit\תכנות מונחה עצמים\me\פרויקט\animal1\animal\adopt_animal\adopt_animal.cpp(87): warning C4566: character represented by universal-character-name '\u05D8' cannot be represented in the current code page (1252)
c:\users\fastl\desktop\computer science\תואר מדעי המחשב - סיכומי שיעורים\שנה ב - hit\תכנות מונחה עצמים\me\פרויקט\animal1\animal\adopt_animal\adopt_animal.cpp(88): warning C4566: character represented by universal-character-name '\u05EA' cannot be represented in the current code page (1252)
c:\users\fastl\desktop\computer science\תואר מדעי המחשב - סיכומי שיעורים\שנה ב - hit\תכנות מונחה עצמים\me\פרויקט\animal1\animal\adopt_animal\adopt_animal.cpp(88): warning C4566: character represented by universal-character-name '\u05D5' cannot be represented in the current code page (1252)
c:\users\fastl\desktop\computer science\תואר מדעי המחשב - סיכומי שיעורים\שנה ב - hit\תכנות מונחה עצמים\me\פרויקט\animal1\animal\adopt_animal\adopt_animal.cpp(88): warning C4566: character represented by universal-character-name '\u05D0' cannot be represented in the current code page (1252)
c:\users\fastl\desktop\computer science\תואר מדעי המחשב - סיכומי שיעורים\שנה ב - hit\תכנות מונחה עצמים\me\פרויקט\animal1\animal\adopt_animal\adopt_animal.cpp(88): warning C4566: character represented by universal-character-name '\u05E8' cannot be represented in the current code page (1252)
c:\users\fastl\desktop\computer science\תואר מדעי המחשב - סיכומי שיעורים\שנה ב - hit\תכנות מונחה עצמים\me\פרויקט\animal1\animal\adopt_animal\adopt_animal.cpp(88): warning C4566: character represented by universal-character-name '\u05DE' cannot be represented in the current code page (1252)
c:\users\fastl\desktop\computer science\תואר מדעי המחשב - סיכומי שיעורים\שנה ב - hit\תכנות מונחה עצמים\me\פרויקט\animal1\animal\adopt_animal\adopt_animal.cpp(88): warning C4566: character represented by universal-character-name '\u05D3' cannot be represented in the current code page (1252)
c:\users\fastl\desktop\computer science\תואר מדעי המחשב - סיכומי שיעורים\שנה ב - hit\תכנות מונחה עצמים\me\פרויקט\animal1\animal\adopt_animal\adopt_animal.cpp(88): warning C4566: character represented by universal-character-name '\u05E2' cannot be represented in the current code page (1252)
c:\users\fastl\desktop\computer science\תואר מדעי המחשב - סיכומי שיעורים\שנה ב - hit\תכנות מונחה עצמים\me\פרויקט\animal1\animal\adopt_animal\adopt_animal.cpp(88): warning C4566: character represented by universal-character-name '\u05D9' cannot be represented in the current code page (1252)
c:\users\fastl\desktop\computer science\תואר מדעי המחשב - סיכומי שיעורים\שנה ב - hit\תכנות מונחה עצמים\me\פרויקט\animal1\animal\adopt_animal\adopt_animal.cpp(88): warning C4566: character represented by universal-character-name '\u05D4' cannot be represented in the current code page (1252)
c:\users\fastl\desktop\computer science\תואר מדעי המחשב - סיכומי שיעורים\שנה ב - hit\תכנות מונחה עצמים\me\פרויקט\animal1\animal\adopt_animal\adopt_animal.cpp(88): warning C4566: character represented by universal-character-name '\u05D7' cannot be represented in the current code page (1252)
c:\users\fastl\desktop\computer science\תואר מדעי המחשב - סיכומי שיעורים\שנה ב - hit\תכנות מונחה עצמים\me\פרויקט\animal1\animal\adopt_animal\adopt_animal.cpp(88): warning C4566: character represented by universal-character-name '\u05E9' cannot be represented in the current code page (1252)
c:\users\fastl\desktop\computer science\תואר מדעי המחשב - סיכומי שיעורים\שנה ב - hit\תכנות מונחה עצמים\me\פרויקט\animal1\animal\adopt_animal\adopt_animal.cpp(88): warning C4566: character represented by universal-character-name '\u05D1' cannot be represented in the current code page (1252)
c:\users\fastl\desktop\computer science\תואר מדעי המחשב - סיכומי שיעורים\שנה ב - hit\תכנות מונחה עצמים\me\פרויקט\animal1\animal\adopt_animal\adopt_animal.cpp(88): warning C4566: character represented by universal-character-name '\u05E1' cannot be represented in the current code page (1252)
c:\users\fastl\desktop\computer science\תואר מדעי המחשב - סיכומי שיעורים\שנה ב - hit\תכנות מונחה עצמים\me\פרויקט\animal1\animal\adopt_animal\adopt_animal.cpp(88): warning C4566: character represented by universal-character-name '\u05DB' cannot be represented in the current code page (1252)
c:\users\fastl\desktop\computer science\תואר מדעי המחשב - סיכומי שיעורים\שנה ב - hit\תכנות מונחה עצמים\me\פרויקט\animal1\animal\adopt_animal\adopt_animal.cpp(88): warning C4566: character represented by universal-character-name '\u05DD' cannot be represented in the current code page (1252)
c:\users\fastl\desktop\computer science\תואר מדעי המחשב - סיכומי שיעורים\שנה ב - hit\תכנות מונחה עצמים\me\פרויקט\animal1\animal\adopt_animal\adopt_animal.cpp(88): warning C4566: character represented by universal-character-name '\u05E0' cannot be represented in the current code page (1252)
c:\users\fastl\desktop\computer science\תואר מדעי המחשב - סיכומי שיעורים\שנה ב - hit\תכנות מונחה עצמים\me\פרויקט\animal1\animal\adopt_animal\adopt_animal.cpp(88): warning C4566: character represented by universal-character-name '\u05E6' cannot be represented in the current code page (1252)
c:\users\fastl\desktop\computer science\תואר מדעי המחשב - סיכומי שיעורים\שנה ב - hit\תכנות מונחה עצמים\me\פרויקט\animal1\animal\adopt_animal\adopt_animal.cpp(88): warning C4566: character represented by universal-character-name '\u05E4' cannot be represented in the current code page (1252)
c:\users\fastl\desktop\computer science\תואר מדעי המחשב - סיכומי שיעורים\שנה ב - hit\תכנות מונחה עצמים\me\פרויקט\animal1\animal\adopt_animal\adopt_animal.cpp(88): warning C4566: character represented by universal-character-name '\u05E7' cannot be represented in the current code page (1252)
c:\users\fastl\desktop\computer science\תואר מדעי המחשב - סיכומי שיעורים\שנה ב - hit\תכנות מונחה עצמים\me\פרויקט\animal1\animal\adopt_animal\adopt_animal.cpp(88): warning C4566: character represented by universal-character-name '\u05D8' cannot be represented in the current code page (1252)
  Adopt_AnimalDlg.cpp
c:\users\fastl\desktop\computer science\תואר מדעי המחשב - סיכומי שיעורים\שנה ב - hit\תכנות מונחה עצמים\me\פרויקט\animal1\animal\adopt_animal\adopt_animaldlg.cpp(96): warning C4566: character represented by universal-character-name '\u05EA' cannot be represented in the current code page (1252)
c:\users\fastl\desktop\computer science\תואר מדעי המחשב - סיכומי שיעורים\שנה ב - hit\תכנות מונחה עצמים\me\פרויקט\animal1\animal\adopt_animal\adopt_animaldlg.cpp(96): warning C4566: character represented by universal-character-name '\u05D5' cannot be represented in the current code page (1252)
c:\users\fastl\desktop\computer science\תואר מדעי המחשב - סיכומי שיעורים\שנה ב - hit\תכנות מונחה עצמים\me\פרויקט\animal1\animal\adopt_animal\adopt_animaldlg.cpp(96): warning C4566: character represented by universal-character-name '\u05D0' cannot be represented in the current code page (1252)
c:\users\fastl\desktop\computer science\תואר מדעי המחשב - סיכומי שיעורים\שנה ב - hit\תכנות מונחה עצמים\me\פרויקט\animal1\animal\adopt_animal\adopt_animaldlg.cpp(96): warning C4566: character represented by universal-character-name '\u05E8' cannot be represented in the current code page (1252)
c:\users\fastl\desktop\computer science\תואר מדעי המחשב - סיכומי שיעורים\שנה ב - hit\תכנות מונחה עצמים\me\פרויקט\animal1\animal\adopt_animal\adopt_animaldlg.cpp(96): warning C4566: character represented by universal-character-name '\u05DE' cannot be represented in the current code page (1252)
c:\users\fastl\desktop\computer science\תואר מדעי המחשב - סיכומי שיעורים\שנה ב - hit\תכנות מונחה עצמים\me\פרויקט\animal1\animal\adopt_animal\adopt_animaldlg.cpp(96): warning C4566: character represented by universal-character-name '\u05D3' cannot be represented in the current code page (1252)
c:\users\fastl\desktop\computer science\תואר מדעי המחשב - סיכומי שיעורים\שנה ב - hit\תכנות מונחה עצמים\me\פרויקט\animal1\animal\adopt_animal\adopt_animaldlg.cpp(96): warning C4566: character represented by universal-character-name '\u05E2' cannot be represented in the current code page (1252)
c:\users\fastl\desktop\computer science\תואר מדעי המחשב - סיכומי שיעורים\שנה ב - hit\תכנות מונחה עצמים\me\פרויקט\animal1\animal\adopt_animal\adopt_animaldlg.cpp(96): warning C4566: character represented by universal-character-name '\u05D9' cannot be represented in the current code page (1252)
c:\users\fastl\desktop\computer science\תואר מדעי המחשב - סיכומי שיעורים\שנה ב - hit\תכנות מונחה עצמים\me\פרויקט\animal1\animal\adopt_animal\adopt_animaldlg.cpp(96): warning C4566: character represented by universal-character-name '\u05D4' cannot be represented in the current code page (1252)
c:\users\fastl\desktop\computer science\תואר מדעי המחשב - סיכומי שיעורים\שנה ב - hit\תכנות מונחה עצמים\me\פרויקט\animal1\animal\adopt_animal\adopt_animaldlg.cpp(96): warning C4566: character represented by universal-character-name '\u05D7' cannot be represented in the current code page (1252)
c:\users\fastl\desktop\computer science\תואר מדעי המחשב - סיכומי שיעורים\שנה ב - hit\תכנות מונחה עצמים\me\פרויקט\animal1\animal\adopt_animal\adopt_animaldlg.cpp(96): warning C4566: character represented by universal-character-name '\u05E9' cannot be represented in the current code page (1252)
c:\users\fastl\desktop\computer science\תואר מדעי המחשב - סיכומי שיעורים\שנה ב - hit\תכנות מונחה עצמים\me\פרויקט\animal1\animal\adopt_animal\adopt_animaldlg.cpp(96): warning C4566: character represented by universal-character-name '\u05D1' cannot be represented in the current code page (1252)
c:\users\fastl\desktop\computer science\תואר מדעי המחשב - סיכומי שיעורים\שנה ב - hit\תכנות מונחה עצמים\me\פרויקט\animal1\animal\adopt_animal\adopt_animaldlg.cpp(96): warning C4566: character represented by universal-character-name '\u05E1' cannot be represented in the current code page (1252)
c:\users\fastl\desktop\computer science\תואר מדעי המחשב - סיכומי שיעורים\שנה ב - hit\תכנות מונחה עצמים\me\פרויקט\animal1\animal\adopt_animal\adopt_animaldlg.cpp(96): warning C4566: character represented by universal-character-name '\u05DB' cannot be represented in the current code page (1252)
c:\users\fastl\desktop\computer science\תואר מדעי המחשב - סיכומי שיעורים\שנה ב - hit\תכנות מונחה עצמים\me\פרויקט\animal1\animal\adopt_animal\adopt_animaldlg.cpp(96): warning C4566: character represented by universal-character-name '\u05DD' cannot be represented in the current code page (1252)
c:\users\fastl\desktop\computer science\תואר מדעי המחשב - סיכומי שיעורים\שנה ב - hit\תכנות מונחה עצמים\me\פרויקט\animal1\animal\adopt_animal\adopt_animaldlg.cpp(96): warning C4566: character represented by universal-character-name '\u05E0' cannot be represented in the current code page (1252)
c:\users\fastl\desktop\computer science\תואר מדעי המחשב - סיכומי שיעורים\שנה ב - hit\תכנות מונחה עצמים\me\פרויקט\animal1\animal\adopt_animal\adopt_animaldlg.cpp(96): warning C4566: character represented by universal-character-name '\u05E6' cannot be represented in the current code page (1252)
c:\users\fastl\desktop\computer science\תואר מדעי המחשב - סיכומי שיעורים\שנה ב - hit\תכנות מונחה עצמים\me\פרויקט\animal1\animal\adopt_animal\adopt_animaldlg.cpp(96): warning C4566: character represented by universal-character-name '\u05E4' cannot be represented in the current code page (1252)
c:\users\fastl\desktop\computer science\תואר מדעי המחשב - סיכומי שיעורים\שנה ב - hit\תכנות מונחה עצמים\me\פרויקט\animal1\animal\adopt_animal\adopt_animaldlg.cpp(96): warning C4566: character represented by universal-character-name '\u05E7' cannot be represented in the current code page (1252)
c:\users\fastl\desktop\computer science\תואר מדעי המחשב - סיכומי שיעורים\שנה ב - hit\תכנות מונחה עצמים\me\פרויקט\animal1\animal\adopt_animal\adopt_animaldlg.cpp(96): warning C4566: character represented by universal-character-name '\u05D8' cannot be represented in the current code page (1252)
c:\users\fastl\desktop\computer science\תואר מדעי המחשב - סיכומי שיעורים\שנה ב - hit\תכנות מונחה עצמים\me\פרויקט\animal1\animal\adopt_animal\adopt_animaldlg.cpp(97): warning C4566: character represented by universal-character-name '\u05EA' cannot be represented in the current code page (1252)
c:\users\fastl\desktop\computer science\תואר מדעי המחשב - סיכומי שיעורים\שנה ב - hit\תכנות מונחה עצמים\me\פרויקט\animal1\animal\adopt_animal\adopt_animaldlg.cpp(97): warning C4566: character represented by universal-character-name '\u05D5' cannot be represented in the current code page (1252)
c:\users\fastl\desktop\computer science\תואר מדעי המחשב - סיכומי שיעורים\שנה ב - hit\תכנות מונחה עצמים\me\פרויקט\animal1\animal\adopt_animal\adopt_animaldlg.cpp(97): warning C4566: character represented by universal-character-name '\u05D0' cannot be represented in the current code page (1252)
c:\users\fastl\desktop\computer science\תואר מדעי המחשב - סיכומי שיעורים\שנה ב - hit\תכנות מונחה עצמים\me\פרויקט\animal1\animal\adopt_animal\adopt_animaldlg.cpp(97): warning C4566: character represented by universal-character-name '\u05E8' cannot be represented in the current code page (1252)
c:\users\fastl\desktop\computer science\תואר מדעי המחשב - סיכומי שיעורים\שנה ב - hit\תכנות מונחה עצמים\me\פרויקט\animal1\animal\adopt_animal\adopt_animaldlg.cpp(97): warning C4566: character represented by universal-character-name '\u05DE' cannot be represented in the current code page (1252)
c:\users\fastl\desktop\computer science\תואר מדעי המחשב - סיכומי שיעורים\שנה ב - hit\תכנות מונחה עצמים\me\פרויקט\animal1\animal\adopt_animal\adopt_animaldlg.cpp(97): warning C4566: character represented by universal-character-name '\u05D3' cannot be represented in the current code page (1252)
c:\users\fastl\desktop\computer science\תואר מדעי המחשב - סיכומי שיעורים\שנה ב - hit\תכנות מונחה עצמים\me\פרויקט\animal1\animal\adopt_animal\adopt_animaldlg.cpp(97): warning C4566: character represented by universal-character-name '\u05E2' cannot be represented in the current code page (1252)
c:\users\fastl\desktop\computer science\תואר מדעי המחשב - סיכומי שיעורים\שנה ב - hit\תכנות מונחה עצמים\me\פרויקט\animal1\animal\adopt_animal\adopt_animaldlg.cpp(97): warning C4566: character represented by universal-character-name '\u05D9' cannot be represented in the current code page (1252)
c:\users\fastl\desktop\computer science\תואר מדעי המחשב - סיכומי שיעורים\שנה ב - hit\תכנות מונחה עצמים\me\פרויקט\animal1\animal\adopt_animal\adopt_animaldlg.cpp(97): warning C4566: character represented by universal-character-name '\u05D4' cannot be represented in the current code page (1252)
c:\users\fastl\desktop\computer science\תואר מדעי המחשב - סיכומי שיעורים\שנה ב - hit\תכנות מונחה עצמים\me\פרויקט\animal1\animal\adopt_animal\adopt_animaldlg.cpp(97): warning C4566: character represented by universal-character-name '\u05D7' cannot be represented in the current code page (1252)
c:\users\fastl\desktop\computer science\תואר מדעי המחשב - סיכומי שיעורים\שנה ב - hit\תכנות מונחה עצמים\me\פרויקט\animal1\animal\adopt_animal\adopt_animaldlg.cpp(97): warning C4566: character represented by universal-character-name '\u05E9' cannot be represented in the current code page (1252)
c:\users\fastl\desktop\computer science\תואר מדעי המחשב - סיכומי שיעורים\שנה ב - hit\תכנות מונחה עצמים\me\פרויקט\animal1\animal\adopt_animal\adopt_animaldlg.cpp(97): warning C4566: character represented by universal-character-name '\u05D1' cannot be represented in the current code page (1252)
c:\users\fastl\desktop\computer science\תואר מדעי המחשב - סיכומי שיעורים\שנה ב - hit\תכנות מונחה עצמים\me\פרויקט\animal1\animal\adopt_animal\adopt_animaldlg.cpp(97): warning C4566: character represented by universal-character-name '\u05E1' cannot be represented in the current code page (1252)
c:\users\fastl\desktop\computer science\תואר מדעי המחשב - סיכומי שיעורים\שנה ב - hit\תכנות מונחה עצמים\me\פרויקט\animal1\animal\adopt_animal\adopt_animaldlg.cpp(97): warning C4566: character represented by universal-character-name '\u05DB' cannot be represented in the current code page (1252)
c:\users\fastl\desktop\computer science\תואר מדעי המחשב - סיכומי שיעורים\שנה ב - hit\תכנות מונחה עצמים\me\פרויקט\animal1\animal\adopt_animal\adopt_animaldlg.cpp(97): warning C4566: character represented by universal-character-name '\u05DD' cannot be represented in the current code page (1252)
c:\users\fastl\desktop\computer science\תואר מדעי המחשב - סיכומי שיעורים\שנה ב - hit\תכנות מונחה עצמים\me\פרויקט\animal1\animal\adopt_animal\adopt_animaldlg.cpp(97): warning C4566: character represented by universal-character-name '\u05E0' cannot be represented in the current code page (1252)
c:\users\fastl\desktop\computer science\תואר מדעי המחשב - סיכומי שיעורים\שנה ב - hit\תכנות מונחה עצמים\me\פרויקט\animal1\animal\adopt_animal\adopt_animaldlg.cpp(97): warning C4566: character represented by universal-character-name '\u05E6' cannot be represented in the current code page (1252)
c:\users\fastl\desktop\computer science\תואר מדעי המחשב - סיכומי שיעורים\שנה ב - hit\תכנות מונחה עצמים\me\פרויקט\animal1\animal\adopt_animal\adopt_animaldlg.cpp(97): warning C4566: character represented by universal-character-name '\u05E4' cannot be represented in the current code page (1252)
c:\users\fastl\desktop\computer science\תואר מדעי המחשב - סיכומי שיעורים\שנה ב - hit\תכנות מונחה עצמים\me\פרויקט\animal1\animal\adopt_animal\adopt_animaldlg.cpp(97): warning C4566: character represented by universal-character-name '\u05E7' cannot be represented in the current code page (1252)
c:\users\fastl\desktop\computer science\תואר מדעי המחשב - סיכומי שיעורים\שנה ב - hit\תכנות מונחה עצמים\me\פרויקט\animal1\animal\adopt_animal\adopt_animaldlg.cpp(97): warning C4566: character represented by universal-character-name '\u05D8' cannot be represented in the current code page (1252)
c:\users\fastl\desktop\computer science\תואר מדעי המחשב - סיכומי שיעורים\שנה ב - hit\תכנות מונחה עצמים\me\פרויקט\animal1\animal\adopt_animal\adopt_animaldlg.cpp(105): warning C4566: character represented by universal-character-name '\u05EA' cannot be represented in the current code page (1252)
c:\users\fastl\desktop\computer science\תואר מדעי המחשב - סיכומי שיעורים\שנה ב - hit\תכנות מונחה עצמים\me\פרויקט\animal1\animal\adopt_animal\adopt_animaldlg.cpp(105): warning C4566: character represented by universal-character-name '\u05D5' cannot be represented in the current code page (1252)
c:\users\fastl\desktop\computer science\תואר מדעי המחשב - סיכומי שיעורים\שנה ב - hit\תכנות מונחה עצמים\me\פרויקט\animal1\animal\adopt_animal\adopt_animaldlg.cpp(105): warning C4566: character represented by universal-character-name '\u05D0' cannot be represented in the current code page (1252)
c:\users\fastl\desktop\computer science\תואר מדעי המחשב - סיכומי שיעורים\שנה ב - hit\תכנות מונחה עצמים\me\פרויקט\animal1\animal\adopt_animal\adopt_animaldlg.cpp(105): warning C4566: character represented by universal-character-name '\u05E8' cannot be represented in the current code page (1252)
c:\users\fastl\desktop\computer science\תואר מדעי המחשב - סיכומי שיעורים\שנה ב - hit\תכנות מונחה עצמים\me\פרויקט\animal1\animal\adopt_animal\adopt_animaldlg.cpp(105): warning C4566: character represented by universal-character-name '\u05DE' cannot be represented in the current code page (1252)
c:\users\fastl\desktop\computer science\תואר מדעי המחשב - סיכומי שיעורים\שנה ב - hit\תכנות מונחה עצמים\me\פרויקט\animal1\animal\adopt_animal\adopt_animaldlg.cpp(105): warning C4566: character represented by universal-character-name '\u05D3' cannot be represented in the current code page (1252)
c:\users\fastl\desktop\computer science\תואר מדעי המחשב - סיכומי שיעורים\שנה ב - hit\תכנות מונחה עצמים\me\פרויקט\animal1\animal\adopt_animal\adopt_animaldlg.cpp(105): warning C4566: character represented by universal-character-name '\u05E2' cannot be represented in the current code page (1252)
c:\users\fastl\desktop\computer science\תואר מדעי המחשב - סיכומי שיעורים\שנה ב - hit\תכנות מונחה עצמים\me\פרויקט\animal1\animal\adopt_animal\adopt_animaldlg.cpp(105): warning C4566: character represented by universal-character-name '\u05D9' cannot be represented in the current code page (1252)
c:\users\fastl\desktop\computer science\תואר מדעי המחשב - סיכומי שיעורים\שנה ב - hit\תכנות מונחה עצמים\me\פרויקט\animal1\animal\adopt_animal\adopt_animaldlg.cpp(105): warning C4566: character represented by universal-character-name '\u05D4' cannot be represented in the current code page (1252)
c:\users\fastl\desktop\computer science\תואר מדעי המחשב - סיכומי שיעורים\שנה ב - hit\תכנות מונחה עצמים\me\פרויקט\animal1\animal\adopt_animal\adopt_animaldlg.cpp(105): warning C4566: character represented by universal-character-name '\u05D7' cannot be represented in the current code page (1252)
c:\users\fastl\desktop\computer science\תואר מדעי המחשב - סיכומי שיעורים\שנה ב - hit\תכנות מונחה עצמים\me\פרויקט\animal1\animal\adopt_animal\adopt_animaldlg.cpp(105): warning C4566: character represented by universal-character-name '\u05E9' cannot be represented in the current code page (1252)
c:\users\fastl\desktop\computer science\תואר מדעי המחשב - סיכומי שיעורים\שנה ב - hit\תכנות מונחה עצמים\me\פרויקט\animal1\animal\adopt_animal\adopt_animaldlg.cpp(105): warning C4566: character represented by universal-character-name '\u05D1' cannot be represented in the current code page (1252)
c:\users\fastl\desktop\computer science\תואר מדעי המחשב - סיכומי שיעורים\שנה ב - hit\תכנות מונחה עצמים\me\פרויקט\animal1\animal\adopt_animal\adopt_animaldlg.cpp(105): warning C4566: character represented by universal-character-name '\u05E1' cannot be represented in the current code page (1252)
c:\users\fastl\desktop\computer science\תואר מדעי המחשב - סיכומי שיעורים\שנה ב - hit\תכנות מונחה עצמים\me\פרויקט\animal1\animal\adopt_animal\adopt_animaldlg.cpp(105): warning C4566: character represented by universal-character-name '\u05DB' cannot be represented in the current code page (1252)
c:\users\fastl\desktop\computer science\תואר מדעי המחשב - סיכומי שיעורים\שנה ב - hit\תכנות מונחה עצמים\me\פרויקט\animal1\animal\adopt_animal\adopt_animaldlg.cpp(105): warning C4566: character represented by universal-character-name '\u05DD' cannot be represented in the current code page (1252)
c:\users\fastl\desktop\computer science\תואר מדעי המחשב - סיכומי שיעורים\שנה ב - hit\תכנות מונחה עצמים\me\פרויקט\animal1\animal\adopt_animal\adopt_animaldlg.cpp(105): warning C4566: character represented by universal-character-name '\u05E0' cannot be represented in the current code page (1252)
c:\users\fastl\desktop\computer science\תואר מדעי המחשב - סיכומי שיעורים\שנה ב - hit\תכנות מונחה עצמים\me\פרויקט\animal1\animal\adopt_animal\adopt_animaldlg.cpp(105): warning C4566: character represented by universal-character-name '\u05E6' cannot be represented in the current code page (1252)
c:\users\fastl\desktop\computer science\תואר מדעי המחשב - סיכומי שיעורים\שנה ב - hit\תכנות מונחה עצמים\me\פרויקט\animal1\animal\adopt_animal\adopt_animaldlg.cpp(105): warning C4566: character represented by universal-character-name '\u05E4' cannot be represented in the current code page (1252)
c:\users\fastl\desktop\computer science\תואר מדעי המחשב - סיכומי שיעורים\שנה ב - hit\תכנות מונחה עצמים\me\פרויקט\animal1\animal\adopt_animal\adopt_animaldlg.cpp(105): warning C4566: character represented by universal-character-name '\u05E7' cannot be represented in the current code page (1252)
c:\users\fastl\desktop\computer science\תואר מדעי המחשב - סיכומי שיעורים\שנה ב - hit\תכנות מונחה עצמים\me\פרויקט\animal1\animal\adopt_animal\adopt_animaldlg.cpp(105): warning C4566: character represented by universal-character-name '\u05D8' cannot be represented in the current code page (1252)
c:\users\fastl\desktop\computer science\תואר מדעי המחשב - סיכומי שיעורים\שנה ב - hit\תכנות מונחה עצמים\me\פרויקט\animal1\animal\adopt_animal\adopt_animaldlg.cpp(222): warning C4566: character represented by universal-character-name '\u05EA' cannot be represented in the current code page (1252)
c:\users\fastl\desktop\computer science\תואר מדעי המחשב - סיכומי שיעורים\שנה ב - hit\תכנות מונחה עצמים\me\פרויקט\animal1\animal\adopt_animal\adopt_animaldlg.cpp(222): warning C4566: character represented by universal-character-name '\u05D5' cannot be represented in the current code page (1252)
c:\users\fastl\desktop\computer science\תואר מדעי המחשב - סיכומי שיעורים\שנה ב - hit\תכנות מונחה עצמים\me\פרויקט\animal1\animal\adopt_animal\adopt_animaldlg.cpp(222): warning C4566: character represented by universal-character-name '\u05D0' cannot be represented in the current code page (1252)
c:\users\fastl\desktop\computer science\תואר מדעי המחשב - סיכומי שיעורים\שנה ב - hit\תכנות מונחה עצמים\me\פרויקט\animal1\animal\adopt_animal\adopt_animaldlg.cpp(222): warning C4566: character represented by universal-character-name '\u05E8' cannot be represented in the current code page (1252)
c:\users\fastl\desktop\computer science\תואר מדעי המחשב - סיכומי שיעורים\שנה ב - hit\תכנות מונחה עצמים\me\פרויקט\animal1\animal\adopt_animal\adopt_animaldlg.cpp(222): warning C4566: character represented by universal-character-name '\u05DE' cannot be represented in the current code page (1252)
c:\users\fastl\desktop\computer science\תואר מדעי המחשב - סיכומי שיעורים\שנה ב - hit\תכנות מונחה עצמים\me\פרויקט\animal1\animal\adopt_animal\adopt_animaldlg.cpp(222): warning C4566: character represented by universal-character-name '\u05D3' cannot be represented in the current code page (1252)
c:\users\fastl\desktop\computer science\תואר מדעי המחשב - סיכומי שיעורים\שנה ב - hit\תכנות מונחה עצמים\me\פרויקט\animal1\animal\adopt_animal\adopt_animaldlg.cpp(222): warning C4566: character represented by universal-character-name '\u05E2' cannot be represented in the current code page (1252)
c:\users\fastl\desktop\computer science\תואר מדעי המחשב - סיכומי שיעורים\שנה ב - hit\תכנות מונחה עצמים\me\פרויקט\animal1\animal\adopt_animal\adopt_animaldlg.cpp(222): warning C4566: character represented by universal-character-name '\u05D9' cannot be represented in the current code page (1252)
c:\users\fastl\desktop\computer science\תואר מדעי המחשב - סיכומי שיעורים\שנה ב - hit\תכנות מונחה עצמים\me\פרויקט\animal1\animal\adopt_animal\adopt_animaldlg.cpp(222): warning C4566: character represented by universal-character-name '\u05D4' cannot be represented in the current code page (1252)
c:\users\fastl\desktop\computer science\תואר מדעי המחשב - סיכומי שיעורים\שנה ב - hit\תכנות מונחה עצמים\me\פרויקט\animal1\animal\adopt_animal\adopt_animaldlg.cpp(222): warning C4566: character represented by universal-character-name '\u05D7' cannot be represented in the current code page (1252)
c:\users\fastl\desktop\computer science\תואר מדעי המחשב - סיכומי שיעורים\שנה ב - hit\תכנות מונחה עצמים\me\פרויקט\animal1\animal\adopt_animal\adopt_animaldlg.cpp(222): warning C4566: character represented by universal-character-name '\u05E9' cannot be represented in the current code page (1252)
c:\users\fastl\desktop\computer science\תואר מדעי המחשב - סיכומי שיעורים\שנה ב - hit\תכנות מונחה עצמים\me\פרויקט\animal1\animal\adopt_animal\adopt_animaldlg.cpp(222): warning C4566: character represented by universal-character-name '\u05D1' cannot be represented in the current code page (1252)
c:\users\fastl\desktop\computer science\תואר מדעי המחשב - סיכומי שיעורים\שנה ב - hit\תכנות מונחה עצמים\me\פרויקט\animal1\animal\adopt_animal\adopt_animaldlg.cpp(222): warning C4566: character represented by universal-character-name '\u05E1' cannot be represented in the current code page (1252)
c:\users\fastl\desktop\computer science\תואר מדעי המחשב - סיכומי שיעורים\שנה ב - hit\תכנות מונחה עצמים\me\פרויקט\animal1\animal\adopt_animal\adopt_animaldlg.cpp(222): warning C4566: character represented by universal-character-name '\u05DB' cannot be represented in the current code page (1252)
c:\users\fastl\desktop\computer science\תואר מדעי המחשב - סיכומי שיעורים\שנה ב - hit\תכנות מונחה עצמים\me\פרויקט\animal1\animal\adopt_animal\adopt_animaldlg.cpp(222): warning C4566: character represented by universal-character-name '\u05DD' cannot be represented in the current code page (1252)
c:\users\fastl\desktop\computer science\תואר מדעי המחשב - סיכומי שיעורים\שנה ב - hit\תכנות מונחה עצמים\me\פרויקט\animal1\animal\adopt_animal\adopt_animaldlg.cpp(222): warning C4566: character represented by universal-character-name '\u05E0' cannot be represented in the current code page (1252)
c:\users\fastl\desktop\computer science\תואר מדעי המחשב - סיכומי שיעורים\שנה ב - hit\תכנות מונחה עצמים\me\פרויקט\animal1\animal\adopt_animal\adopt_animaldlg.cpp(222): warning C4566: character represented by universal-character-name '\u05E6' cannot be represented in the current code page (1252)
c:\users\fastl\desktop\computer science\תואר מדעי המחשב - סיכומי שיעורים\שנה ב - hit\תכנות מונחה עצמים\me\פרויקט\animal1\animal\adopt_animal\adopt_animaldlg.cpp(222): warning C4566: character represented by universal-character-name '\u05E4' cannot be represented in the current code page (1252)
c:\users\fastl\desktop\computer science\תואר מדעי המחשב - סיכומי שיעורים\שנה ב - hit\תכנות מונחה עצמים\me\פרויקט\animal1\animal\adopt_animal\adopt_animaldlg.cpp(222): warning C4566: character represented by universal-character-name '\u05E7' cannot be represented in the current code page (1252)
c:\users\fastl\desktop\computer science\תואר מדעי המחשב - סיכומי שיעורים\שנה ב - hit\תכנות מונחה עצמים\me\פרויקט\animal1\animal\adopt_animal\adopt_animaldlg.cpp(222): warning C4566: character represented by universal-character-name '\u05D8' cannot be represented in the current code page (1252)
c:\users\fastl\desktop\computer science\תואר מדעי המחשב - סיכומי שיעורים\שנה ב - hit\תכנות מונחה עצמים\me\פרויקט\animal1\animal\adopt_animal\adopt_animaldlg.cpp(227): warning C4566: character represented by universal-character-name '\u05EA' cannot be represented in the current code page (1252)
c:\users\fastl\desktop\computer science\תואר מדעי המחשב - סיכומי שיעורים\שנה ב - hit\תכנות מונחה עצמים\me\פרויקט\animal1\animal\adopt_animal\adopt_animaldlg.cpp(227): warning C4566: character represented by universal-character-name '\u05D5' cannot be represented in the current code page (1252)
c:\users\fastl\desktop\computer science\תואר מדעי המחשב - סיכומי שיעורים\שנה ב - hit\תכנות מונחה עצמים\me\פרויקט\animal1\animal\adopt_animal\adopt_animaldlg.cpp(227): warning C4566: character represented by universal-character-name '\u05D0' cannot be represented in the current code page (1252)
c:\users\fastl\desktop\computer science\תואר מדעי המחשב - סיכומי שיעורים\שנה ב - hit\תכנות מונחה עצמים\me\פרויקט\animal1\animal\adopt_animal\adopt_animaldlg.cpp(227): warning C4566: character represented by universal-character-name '\u05E8' cannot be represented in the current code page (1252)
c:\users\fastl\desktop\computer science\תואר מדעי המחשב - סיכומי שיעורים\שנה ב - hit\תכנות מונחה עצמים\me\פרויקט\animal1\animal\adopt_animal\adopt_animaldlg.cpp(227): warning C4566: character represented by universal-character-name '\u05DE' cannot be represented in the current code page (1252)
c:\users\fastl\desktop\computer science\תואר מדעי המחשב - סיכומי שיעורים\שנה ב - hit\תכנות מונחה עצמים\me\פרויקט\animal1\animal\adopt_animal\adopt_animaldlg.cpp(227): warning C4566: character represented by universal-character-name '\u05D3' cannot be represented in the current code page (1252)
c:\users\fastl\desktop\computer science\תואר מדעי המחשב - סיכומי שיעורים\שנה ב - hit\תכנות מונחה עצמים\me\פרויקט\animal1\animal\adopt_animal\adopt_animaldlg.cpp(227): warning C4566: character represented by universal-character-name '\u05E2' cannot be represented in the current code page (1252)
c:\users\fastl\desktop\computer science\תואר מדעי המחשב - סיכומי שיעורים\שנה ב - hit\תכנות מונחה עצמים\me\פרויקט\animal1\animal\adopt_animal\adopt_animaldlg.cpp(227): warning C4566: character represented by universal-character-name '\u05D9' cannot be represented in the current code page (1252)
c:\users\fastl\desktop\computer science\תואר מדעי המחשב - סיכומי שיעורים\שנה ב - hit\תכנות מונחה עצמים\me\פרויקט\animal1\animal\adopt_animal\adopt_animaldlg.cpp(227): warning C4566: character represented by universal-character-name '\u05D4' cannot be represented in the current code page (1252)
c:\users\fastl\desktop\computer science\תואר מדעי המחשב - סיכומי שיעורים\שנה ב - hit\תכנות מונחה עצמים\me\פרויקט\animal1\animal\adopt_animal\adopt_animaldlg.cpp(227): warning C4566: character represented by universal-character-name '\u05D7' cannot be represented in the current code page (1252)
c:\users\fastl\desktop\computer science\תואר מדעי המחשב - סיכומי שיעורים\שנה ב - hit\תכנות מונחה עצמים\me\פרויקט\animal1\animal\adopt_animal\adopt_animaldlg.cpp(227): warning C4566: character represented by universal-character-name '\u05E9' cannot be represented in the current code page (1252)
c:\users\fastl\desktop\computer science\תואר מדעי המחשב - סיכומי שיעורים\שנה ב - hit\תכנות מונחה עצמים\me\פרויקט\animal1\animal\adopt_animal\adopt_animaldlg.cpp(227): warning C4566: character represented by universal-character-name '\u05D1' cannot be represented in the current code page (1252)
c:\users\fastl\desktop\computer science\תואר מדעי המחשב - סיכומי שיעורים\שנה ב - hit\תכנות מונחה עצמים\me\פרויקט\animal1\animal\adopt_animal\adopt_animaldlg.cpp(227): warning C4566: character represented by universal-character-name '\u05E1' cannot be represented in the current code page (1252)
c:\users\fastl\desktop\computer science\תואר מדעי המחשב - סיכומי שיעורים\שנה ב - hit\תכנות מונחה עצמים\me\פרויקט\animal1\animal\adopt_animal\adopt_animaldlg.cpp(227): warning C4566: character represented by universal-character-name '\u05DB' cannot be represented in the current code page (1252)
c:\users\fastl\desktop\computer science\תואר מדעי המחשב - סיכומי שיעורים\שנה ב - hit\תכנות מונחה עצמים\me\פרויקט\animal1\animal\adopt_animal\adopt_animaldlg.cpp(227): warning C4566: character represented by universal-character-name '\u05DD' cannot be represented in the current code page (1252)
c:\users\fastl\desktop\computer science\תואר מדעי המחשב - סיכומי שיעורים\שנה ב - hit\תכנות מונחה עצמים\me\פרויקט\animal1\animal\adopt_animal\adopt_animaldlg.cpp(227): warning C4566: character represented by universal-character-name '\u05E0' cannot be represented in the current code page (1252)
c:\users\fastl\desktop\computer science\תואר מדעי המחשב - סיכומי שיעורים\שנה ב - hit\תכנות מונחה עצמים\me\פרויקט\animal1\animal\adopt_animal\adopt_animaldlg.cpp(227): warning C4566: character represented by universal-character-name '\u05E6' cannot be represented in the current code page (1252)
c:\users\fastl\desktop\computer science\תואר מדעי המחשב - סיכומי שיעורים\שנה ב - hit\תכנות מונחה עצמים\me\פרויקט\animal1\animal\adopt_animal\adopt_animaldlg.cpp(227): warning C4566: character represented by universal-character-name '\u05E4' cannot be represented in the current code page (1252)
c:\users\fastl\desktop\computer science\תואר מדעי המחשב - סיכומי שיעורים\שנה ב - hit\תכנות מונחה עצמים\me\פרויקט\animal1\animal\adopt_animal\adopt_animaldlg.cpp(227): warning C4566: character represented by universal-character-name '\u05E7' cannot be represented in the current code page (1252)
c:\users\fastl\desktop\computer science\תואר מדעי המחשב - סיכומי שיעורים\שנה ב - hit\תכנות מונחה עצמים\me\פרויקט\animal1\animal\adopt_animal\adopt_animaldlg.cpp(227): warning C4566: character represented by universal-character-name '\u05D8' cannot be represented in the current code page (1252)
c:\users\fastl\desktop\computer science\תואר מדעי המחשב - סיכומי שיעורים\שנה ב - hit\תכנות מונחה עצמים\me\פרויקט\animal1\animal\adopt_animal\adopt_animaldlg.cpp(232): warning C4566: character represented by universal-character-name '\u05EA' cannot be represented in the current code page (1252)
c:\users\fastl\desktop\computer science\תואר מדעי המחשב - סיכומי שיעורים\שנה ב - hit\תכנות מונחה עצמים\me\פרויקט\animal1\animal\adopt_animal\adopt_animaldlg.cpp(232): warning C4566: character represented by universal-character-name '\u05D5' cannot be represented in the current code page (1252)
c:\users\fastl\desktop\computer science\תואר מדעי המחשב - סיכומי שיעורים\שנה ב - hit\תכנות מונחה עצמים\me\פרויקט\animal1\animal\adopt_animal\adopt_animaldlg.cpp(232): warning C4566: character represented by universal-character-name '\u05D0' cannot be represented in the current code page (1252)
c:\users\fastl\desktop\computer science\תואר מדעי המחשב - סיכומי שיעורים\שנה ב - hit\תכנות מונחה עצמים\me\פרויקט\animal1\animal\adopt_animal\adopt_animaldlg.cpp(232): warning C4566: character represented by universal-character-name '\u05E8' cannot be represented in the current code page (1252)
c:\users\fastl\desktop\computer science\תואר מדעי המחשב - סיכומי שיעורים\שנה ב - hit\תכנות מונחה עצמים\me\פרויקט\animal1\animal\adopt_animal\adopt_animaldlg.cpp(232): warning C4566: character represented by universal-character-name '\u05DE' cannot be represented in the current code page (1252)
c:\users\fastl\desktop\computer science\תואר מדעי המחשב - סיכומי שיעורים\שנה ב - hit\תכנות מונחה עצמים\me\פרויקט\animal1\animal\adopt_animal\adopt_animaldlg.cpp(232): warning C4566: character represented by universal-character-name '\u05D3' cannot be represented in the current code page (1252)
c:\users\fastl\desktop\computer science\תואר מדעי המחשב - סיכומי שיעורים\שנה ב - hit\תכנות מונחה עצמים\me\פרויקט\animal1\animal\adopt_animal\adopt_animaldlg.cpp(232): warning C4566: character represented by universal-character-name '\u05E2' cannot be represented in the current code page (1252)
c:\users\fastl\desktop\computer science\תואר מדעי המחשב - סיכומי שיעורים\שנה ב - hit\תכנות מונחה עצמים\me\פרויקט\animal1\animal\adopt_animal\adopt_animaldlg.cpp(232): warning C4566: character represented by universal-character-name '\u05D9' cannot be represented in the current code page (1252)
c:\users\fastl\desktop\computer science\תואר מדעי המחשב - סיכומי שיעורים\שנה ב - hit\תכנות מונחה עצמים\me\פרויקט\animal1\animal\adopt_animal\adopt_animaldlg.cpp(232): warning C4566: character represented by universal-character-name '\u05D4' cannot be represented in the current code page (1252)
c:\users\fastl\desktop\computer science\תואר מדעי המחשב - סיכומי שיעורים\שנה ב - hit\תכנות מונחה עצמים\me\פרויקט\animal1\animal\adopt_animal\adopt_animaldlg.cpp(232): warning C4566: character represented by universal-character-name '\u05D7' cannot be represented in the current code page (1252)
c:\users\fastl\desktop\computer science\תואר מדעי המחשב - סיכומי שיעורים\שנה ב - hit\תכנות מונחה עצמים\me\פרויקט\animal1\animal\adopt_animal\adopt_animaldlg.cpp(232): warning C4566: character represented by universal-character-name '\u05E9' cannot be represented in the current code page (1252)
c:\users\fastl\desktop\computer science\תואר מדעי המחשב - סיכומי שיעורים\שנה ב - hit\תכנות מונחה עצמים\me\פרויקט\animal1\animal\adopt_animal\adopt_animaldlg.cpp(232): warning C4566: character represented by universal-character-name '\u05D1' cannot be represented in the current code page (1252)
c:\users\fastl\desktop\computer science\תואר מדעי המחשב - סיכומי שיעורים\שנה ב - hit\תכנות מונחה עצמים\me\פרויקט\animal1\animal\adopt_animal\adopt_animaldlg.cpp(232): warning C4566: character represented by universal-character-name '\u05E1' cannot be represented in the current code page (1252)
c:\users\fastl\desktop\computer science\תואר מדעי המחשב - סיכומי שיעורים\שנה ב - hit\תכנות מונחה עצמים\me\פרויקט\animal1\animal\adopt_animal\adopt_animaldlg.cpp(232): warning C4566: character represented by universal-character-name '\u05DB' cannot be represented in the current code page (1252)
c:\users\fastl\desktop\computer science\תואר מדעי המחשב - סיכומי שיעורים\שנה ב - hit\תכנות מונחה עצמים\me\פרויקט\animal1\animal\adopt_animal\adopt_animaldlg.cpp(232): warning C4566: character represented by universal-character-name '\u05DD' cannot be represented in the current code page (1252)
c:\users\fastl\desktop\computer science\תואר מדעי המחשב - סיכומי שיעורים\שנה ב - hit\תכנות מונחה עצמים\me\פרויקט\animal1\animal\adopt_animal\adopt_animaldlg.cpp(232): warning C4566: character represented by universal-character-name '\u05E0' cannot be represented in the current code page (1252)
c:\users\fastl\desktop\computer science\תואר מדעי המחשב - סיכומי שיעורים\שנה ב - hit\תכנות מונחה עצמים\me\פרויקט\animal1\animal\adopt_animal\adopt_animaldlg.cpp(232): warning C4566: character represented by universal-character-name '\u05E6' cannot be represented in the current code page (1252)
c:\users\fastl\desktop\computer science\תואר מדעי המחשב - סיכומי שיעורים\שנה ב - hit\תכנות מונחה עצמים\me\פרויקט\animal1\animal\adopt_animal\adopt_animaldlg.cpp(232): warning C4566: character represented by universal-character-name '\u05E4' cannot be represented in the current code page (1252)
c:\users\fastl\desktop\computer science\תואר מדעי המחשב - סיכומי שיעורים\שנה ב - hit\תכנות מונחה עצמים\me\פרויקט\animal1\animal\adopt_animal\adopt_animaldlg.cpp(232): warning C4566: character represented by universal-character-name '\u05E7' cannot be represented in the current code page (1252)
c:\users\fastl\desktop\computer science\תואר מדעי המחשב - סיכומי שיעורים\שנה ב - hit\תכנות מונחה עצמים\me\פרויקט\animal1\animal\adopt_animal\adopt_animaldlg.cpp(232): warning C4566: character represented by universal-character-name '\u05D8' cannot be represented in the current code page (1252)
c:\users\fastl\desktop\computer science\תואר מדעי המחשב - סיכומי שיעורים\שנה ב - hit\תכנות מונחה עצמים\me\פרויקט\animal1\animal\adopt_animal\adopt_animaldlg.cpp(237): warning C4566: character represented by universal-character-name '\u05EA' cannot be represented in the current code page (1252)
c:\users\fastl\desktop\computer science\תואר מדעי המחשב - סיכומי שיעורים\שנה ב - hit\תכנות מונחה עצמים\me\פרויקט\animal1\animal\adopt_animal\adopt_animaldlg.cpp(237): warning C4566: character represented by universal-character-name '\u05D5' cannot be represented in the current code page (1252)
c:\users\fastl\desktop\computer science\תואר מדעי המחשב - סיכומי שיעורים\שנה ב - hit\תכנות מונחה עצמים\me\פרויקט\animal1\animal\adopt_animal\adopt_animaldlg.cpp(237): warning C4566: character represented by universal-character-name '\u05D0' cannot be represented in the current code page (1252)
c:\users\fastl\desktop\computer science\תואר מדעי המחשב - סיכומי שיעורים\שנה ב - hit\תכנות מונחה עצמים\me\פרויקט\animal1\animal\adopt_animal\adopt_animaldlg.cpp(237): warning C4566: character represented by universal-character-name '\u05E8' cannot be represented in the current code page (1252)
c:\users\fastl\desktop\computer science\תואר מדעי המחשב - סיכומי שיעורים\שנה ב - hit\תכנות מונחה עצמים\me\פרויקט\animal1\animal\adopt_animal\adopt_animaldlg.cpp(237): warning C4566: character represented by universal-character-name '\u05DE' cannot be represented in the current code page (1252)
c:\users\fastl\desktop\computer science\תואר מדעי המחשב - סיכומי שיעורים\שנה ב - hit\תכנות מונחה עצמים\me\פרויקט\animal1\animal\adopt_animal\adopt_animaldlg.cpp(237): warning C4566: character represented by universal-character-name '\u05D3' cannot be represented in the current code page (1252)
c:\users\fastl\desktop\computer science\תואר מדעי המחשב - סיכומי שיעורים\שנה ב - hit\תכנות מונחה עצמים\me\פרויקט\animal1\animal\adopt_animal\adopt_animaldlg.cpp(237): warning C4566: character represented by universal-character-name '\u05E2' cannot be represented in the current code page (1252)
c:\users\fastl\desktop\computer science\תואר מדעי המחשב - סיכומי שיעורים\שנה ב - hit\תכנות מונחה עצמים\me\פרויקט\animal1\animal\adopt_animal\adopt_animaldlg.cpp(237): warning C4566: character represented by universal-character-name '\u05D9' cannot be represented in the current code page (1252)
c:\users\fastl\desktop\computer science\תואר מדעי המחשב - סיכומי שיעורים\שנה ב - hit\תכנות מונחה עצמים\me\פרויקט\animal1\animal\adopt_animal\adopt_animaldlg.cpp(237): warning C4566: character represented by universal-character-name '\u05D4' cannot be represented in the current code page (1252)
c:\users\fastl\desktop\computer science\תואר מדעי המחשב - סיכומי שיעורים\שנה ב - hit\תכנות מונחה עצמים\me\פרויקט\animal1\animal\adopt_animal\adopt_animaldlg.cpp(237): warning C4566: character represented by universal-character-name '\u05D7' cannot be represented in the current code page (1252)
c:\users\fastl\desktop\computer science\תואר מדעי המחשב - סיכומי שיעורים\שנה ב - hit\תכנות מונחה עצמים\me\פרויקט\animal1\animal\adopt_animal\adopt_animaldlg.cpp(237): warning C4566: character represented by universal-character-name '\u05E9' cannot be represented in the current code page (1252)
c:\users\fastl\desktop\computer science\תואר מדעי המחשב - סיכומי שיעורים\שנה ב - hit\תכנות מונחה עצמים\me\פרויקט\animal1\animal\adopt_animal\adopt_animaldlg.cpp(237): warning C4566: character represented by universal-character-name '\u05D1' cannot be represented in the current code page (1252)
c:\users\fastl\desktop\computer science\תואר מדעי המחשב - סיכומי שיעורים\שנה ב - hit\תכנות מונחה עצמים\me\פרויקט\animal1\animal\adopt_animal\adopt_animaldlg.cpp(237): warning C4566: character represented by universal-character-name '\u05E1' cannot be represented in the current code page (1252)
c:\users\fastl\desktop\computer science\תואר מדעי המחשב - סיכומי שיעורים\שנה ב - hit\תכנות מונחה עצמים\me\פרויקט\animal1\animal\adopt_animal\adopt_animaldlg.cpp(237): warning C4566: character represented by universal-character-name '\u05DB' cannot be represented in the current code page (1252)
c:\users\fastl\desktop\computer science\תואר מדעי המחשב - סיכומי שיעורים\שנה ב - hit\תכנות מונחה עצמים\me\פרויקט\animal1\animal\adopt_animal\adopt_animaldlg.cpp(237): warning C4566: character represented by universal-character-name '\u05DD' cannot be represented in the current code page (1252)
c:\users\fastl\desktop\computer science\תואר מדעי המחשב - סיכומי שיעורים\שנה ב - hit\תכנות מונחה עצמים\me\פרויקט\animal1\animal\adopt_animal\adopt_animaldlg.cpp(237): warning C4566: character represented by universal-character-name '\u05E0' cannot be represented in the current code page (1252)
c:\users\fastl\desktop\computer science\תואר מדעי המחשב - סיכומי שיעורים\שנה ב - hit\תכנות מונחה עצמים\me\פרויקט\animal1\animal\adopt_animal\adopt_animaldlg.cpp(237): warning C4566: character represented by universal-character-name '\u05E6' cannot be represented in the current code page (1252)
c:\users\fastl\desktop\computer science\תואר מדעי המחשב - סיכומי שיעורים\שנה ב - hit\תכנות מונחה עצמים\me\פרויקט\animal1\animal\adopt_animal\adopt_animaldlg.cpp(237): warning C4566: character represented by universal-character-name '\u05E4' cannot be represented in the current code page (1252)
c:\users\fastl\desktop\computer science\תואר מדעי המחשב - סיכומי שיעורים\שנה ב - hit\תכנות מונחה עצמים\me\פרויקט\animal1\animal\adopt_animal\adopt_animaldlg.cpp(237): warning C4566: character represented by universal-character-name '\u05E7' cannot be represented in the current code page (1252)
c:\users\fastl\desktop\computer science\תואר מדעי המחשב - סיכומי שיעורים\שנה ב - hit\תכנות מונחה עצמים\me\פרויקט\animal1\animal\adopt_animal\adopt_animaldlg.cpp(237): warning C4566: character represented by universal-character-name '\u05D8' cannot be represented in the current code page (1252)
c:\users\fastl\desktop\computer science\תואר מדעי המחשב - סיכומי שיעורים\שנה ב - hit\תכנות מונחה עצמים\me\פרויקט\animal1\animal\adopt_animal\adopt_animaldlg.cpp(242): warning C4566: character represented by universal-character-name '\u05EA' cannot be represented in the current code page (1252)
c:\users\fastl\desktop\computer science\תואר מדעי המחשב - סיכומי שיעורים\שנה ב - hit\תכנות מונחה עצמים\me\פרויקט\animal1\animal\adopt_animal\adopt_animaldlg.cpp(242): warning C4566: character represented by universal-character-name '\u05D5' cannot be represented in the current code page (1252)
c:\users\fastl\desktop\computer science\תואר מדעי המחשב - סיכומי שיעורים\שנה ב - hit\תכנות מונחה עצמים\me\פרויקט\animal1\animal\adopt_animal\adopt_animaldlg.cpp(242): warning C4566: character represented by universal-character-name '\u05D0' cannot be represented in the current code page (1252)
c:\users\fastl\desktop\computer science\תואר מדעי המחשב - סיכומי שיעורים\שנה ב - hit\תכנות מונחה עצמים\me\פרויקט\animal1\animal\adopt_animal\adopt_animaldlg.cpp(242): warning C4566: character represented by universal-character-name '\u05E8' cannot be represented in the current code page (1252)
c:\users\fastl\desktop\computer science\תואר מדעי המחשב - סיכומי שיעורים\שנה ב - hit\תכנות מונחה עצמים\me\פרויקט\animal1\animal\adopt_animal\adopt_animaldlg.cpp(242): warning C4566: character represented by universal-character-name '\u05DE' cannot be represented in the current code page (1252)
c:\users\fastl\desktop\computer science\תואר מדעי המחשב - סיכומי שיעורים\שנה ב - hit\תכנות מונחה עצמים\me\פרויקט\animal1\animal\adopt_animal\adopt_animaldlg.cpp(242): warning C4566: character represented by universal-character-name '\u05D3' cannot be represented in the current code page (1252)
c:\users\fastl\desktop\computer science\תואר מדעי המחשב - סיכומי שיעורים\שנה ב - hit\תכנות מונחה עצמים\me\פרויקט\animal1\animal\adopt_animal\adopt_animaldlg.cpp(242): warning C4566: character represented by universal-character-name '\u05E2' cannot be represented in the current code page (1252)
c:\users\fastl\desktop\computer science\תואר מדעי המחשב - סיכומי שיעורים\שנה ב - hit\תכנות מונחה עצמים\me\פרויקט\animal1\animal\adopt_animal\adopt_animaldlg.cpp(242): warning C4566: character represented by universal-character-name '\u05D9' cannot be represented in the current code page (1252)
c:\users\fastl\desktop\computer science\תואר מדעי המחשב - סיכומי שיעורים\שנה ב - hit\תכנות מונחה עצמים\me\פרויקט\animal1\animal\adopt_animal\adopt_animaldlg.cpp(242): warning C4566: character represented by universal-character-name '\u05D4' cannot be represented in the current code page (1252)
c:\users\fastl\desktop\computer science\תואר מדעי המחשב - סיכומי שיעורים\שנה ב - hit\תכנות מונחה עצמים\me\פרויקט\animal1\animal\adopt_animal\adopt_animaldlg.cpp(242): warning C4566: character represented by universal-character-name '\u05D7' cannot be represented in the current code page (1252)
c:\users\fastl\desktop\computer science\תואר מדעי המחשב - סיכומי שיעורים\שנה ב - hit\תכנות מונחה עצמים\me\פרויקט\animal1\animal\adopt_animal\adopt_animaldlg.cpp(242): warning C4566: character represented by universal-character-name '\u05E9' cannot be represented in the current code page (1252)
c:\users\fastl\desktop\computer science\תואר מדעי המחשב - סיכומי שיעורים\שנה ב - hit\תכנות מונחה עצמים\me\פרויקט\animal1\animal\adopt_animal\adopt_animaldlg.cpp(242): warning C4566: character represented by universal-character-name '\u05D1' cannot be represented in the current code page (1252)
c:\users\fastl\desktop\computer science\תואר מדעי המחשב - סיכומי שיעורים\שנה ב - hit\תכנות מונחה עצמים\me\פרויקט\animal1\animal\adopt_animal\adopt_animaldlg.cpp(242): warning C4566: character represented by universal-character-name '\u05E1' cannot be represented in the current code page (1252)
c:\users\fastl\desktop\computer science\תואר מדעי המחשב - סיכומי שיעורים\שנה ב - hit\תכנות מונחה עצמים\me\פרויקט\animal1\animal\adopt_animal\adopt_animaldlg.cpp(242): warning C4566: character represented by universal-character-name '\u05DB' cannot be represented in the current code page (1252)
c:\users\fastl\desktop\computer science\תואר מדעי המחשב - סיכומי שיעורים\שנה ב - hit\תכנות מונחה עצמים\me\פרויקט\animal1\animal\adopt_animal\adopt_animaldlg.cpp(242): warning C4566: character represented by universal-character-name '\u05DD' cannot be represented in the current code page (1252)
c:\users\fastl\desktop\computer science\תואר מדעי המחשב - סיכומי שיעורים\שנה ב - hit\תכנות מונחה עצמים\me\פרויקט\animal1\animal\adopt_animal\adopt_animaldlg.cpp(242): warning C4566: character represented by universal-character-name '\u05E0' cannot be represented in the current code page (1252)
c:\users\fastl\desktop\computer science\תואר מדעי המחשב - סיכומי שיעורים\שנה ב - hit\תכנות מונחה עצמים\me\פרויקט\animal1\animal\adopt_animal\adopt_animaldlg.cpp(242): warning C4566: character represented by universal-character-name '\u05E6' cannot be represented in the current code page (1252)
c:\users\fastl\desktop\computer science\תואר מדעי המחשב - סיכומי שיעורים\שנה ב - hit\תכנות מונחה עצמים\me\פרויקט\animal1\animal\adopt_animal\adopt_animaldlg.cpp(242): warning C4566: character represented by universal-character-name '\u05E4' cannot be represented in the current code page (1252)
c:\users\fastl\desktop\computer science\תואר מדעי המחשב - סיכומי שיעורים\שנה ב - hit\תכנות מונחה עצמים\me\פרויקט\animal1\animal\adopt_animal\adopt_animaldlg.cpp(242): warning C4566: character represented by universal-character-name '\u05E7' cannot be represented in the current code page (1252)
c:\users\fastl\desktop\computer science\תואר מדעי המחשב - סיכומי שיעורים\שנה ב - hit\תכנות מונחה עצמים\me\פרויקט\animal1\animal\adopt_animal\adopt_animaldlg.cpp(242): warning C4566: character represented by universal-character-name '\u05D8' cannot be represented in the current code page (1252)
  Animals.cpp
  Generating Code...
  Adopt_Animal.vcxproj -> C:\Users\fastl\Desktop\Computer science\תואר מדעי המחשב - סיכומי שיעורים\שנה ב - HIT\תכנות מונחה עצמים\Me\פרויקט\Animal1\Animal\x64\Debug\Adopt_Animal.exe
